<?xml version="1.0" encoding="UTF-8"?>
<testsuite xmlns:xsi="http://www.w3.org/2001/XMLSchema-instance" xsi:noNamespaceSchemaLocation="https://maven.apache.org/surefire/maven-surefire-plugin/xsd/surefire-test-report-3.0.xsd" version="3.0" name="com.its.statistics.controller.StudentControllerIntegrationTest" time="0.768" tests="2" errors="0" skipped="0" failures="0">
  <properties>
[...]
</properties>
  <testcase name="testCreateStudentValidation" classname="com.its.statistics.controller.StudentControllerIntegrationTest" time="0.056">
    <system-out><![CDATA[2025-11-27T21:55:58.002+01:00  INFO 14064 --- [connector-java] [           main] t.c.s.AnnotationConfigContextLoaderUtils : Could not detect default configuration classes for test class [com.its.statistics.controller.StudentControllerIntegrationTest]: StudentControllerIntegrationTest does not declare any static, non-private, non-final, nested classes annotated with @Configuration.
2025-11-27T21:55:58.018+01:00  INFO 14064 --- [connector-java] [           main] .b.t.c.SpringBootTestContextBootstrapper : Found @SpringBootConfiguration com.its.statistics.ConnectorJavaApplication for test class com.its.statistics.controller.StudentControllerIntegrationTest
2025-11-27T21:55:58.021+01:00  INFO 14064 --- [connector-java] [           main] o.s.b.d.r.RestartApplicationListener     : Restart disabled due to context in which it is running

  .   ____          _            __ _ _
 /\\ / ___'_ __ _ _(_)_ __  __ _ \ \ \ \
( ( )\___ | '_ | '_| | '_ \/ _` | \ \ \ \
 \\/  ___)| |_)| | | | | || (_| |  ) ) ) )
  '  |____| .__|_| |_|_| |_\__, | / / / /
 =========|_|==============|___/=/_/_/_/
 :: Spring Boot ::                (v3.2.0)

2025-11-27T21:55:58.044+01:00  WARN 14064 --- [connector-java] [           main] ory$DuplicateJsonObjectContextCustomizer : 

Found multiple occurrences of org.json.JSONObject on the class path:

	jar:file:/C:/Users/federico.molner/.m2/repository/org/json/json/20231013/json-20231013.jar!/org/json/JSONObject.class
	jar:file:/C:/Users/federico.molner/.m2/repository/com/vaadin/external/google/android-json/0.0.20131108.vaadin1/android-json-0.0.20131108.vaadin1.jar!/org/json/JSONObject.class

You may wish to exclude one of them to ensure predictable runtime behavior

2025-11-27T21:55:58.045+01:00  INFO 14064 --- [connector-java] [           main] c.i.s.c.StudentControllerIntegrationTest : Starting StudentControllerIntegrationTest using Java 25 with PID 14064 (started by federico.molner in c:\Users\federico.molner\Desktop\LaboratorioIntegrato\LaboratorioIntegrato-BID\Connector-java\Connector-java)
2025-11-27T21:55:58.045+01:00 DEBUG 14064 --- [connector-java] [           main] c.i.s.c.StudentControllerIntegrationTest : Running with Spring Boot v3.2.0, Spring v6.1.1
2025-11-27T21:55:58.045+01:00  INFO 14064 --- [connector-java] [           main] c.i.s.c.StudentControllerIntegrationTest : No active profile set, falling back to 1 default profile: "default"
2025-11-27T21:55:58.295+01:00  INFO 14064 --- [connector-java] [           main] .s.d.r.c.RepositoryConfigurationDelegate : Bootstrapping Spring Data JPA repositories in DEFAULT mode.
2025-11-27T21:55:58.305+01:00  INFO 14064 --- [connector-java] [           main] .s.d.r.c.RepositoryConfigurationDelegate : Finished Spring Data repository scanning in 9 ms. Found 1 JPA repository interface.
2025-11-27T21:55:58.364+01:00  INFO 14064 --- [connector-java] [           main] com.zaxxer.hikari.HikariDataSource       : HikariPool-2 - Starting...
2025-11-27T21:55:58.366+01:00  INFO 14064 --- [connector-java] [           main] com.zaxxer.hikari.pool.HikariPool        : HikariPool-2 - Added connection conn10: url=jdbc:h2:mem:910135f7-48ee-4a16-b0c3-062e7a816304 user=SA
2025-11-27T21:55:58.366+01:00  INFO 14064 --- [connector-java] [           main] com.zaxxer.hikari.HikariDataSource       : HikariPool-2 - Start completed.
2025-11-27T21:55:58.367+01:00  INFO 14064 --- [connector-java] [           main] o.hibernate.jpa.internal.util.LogHelper  : HHH000204: Processing PersistenceUnitInfo [name: default]
2025-11-27T21:55:58.370+01:00  INFO 14064 --- [connector-java] [           main] o.h.c.internal.RegionFactoryInitiator    : HHH000026: Second-level cache disabled
2025-11-27T21:55:58.379+01:00  INFO 14064 --- [connector-java] [           main] o.s.o.j.p.SpringPersistenceUnitInfo      : No LoadTimeWeaver setup: ignoring JPA class transformer
2025-11-27T21:55:58.458+01:00  INFO 14064 --- [connector-java] [           main] o.h.e.t.j.p.i.JtaPlatformInitiator       : HHH000489: No JTA platform available (set 'hibernate.transaction.jta.platform' to enable JTA platform integration)
2025-11-27T21:55:58.460+01:00  INFO 14064 --- [connector-java] [           main] j.LocalContainerEntityManagerFactoryBean : Initialized JPA EntityManagerFactory for persistence unit 'default'
2025-11-27T21:55:58.501+01:00  WARN 14064 --- [connector-java] [           main] JpaBaseConfiguration$JpaWebConfiguration : spring.jpa.open-in-view is enabled by default. Therefore, database queries may be performed during view rendering. Explicitly configure spring.jpa.open-in-view to disable this warning
2025-11-27T21:55:58.627+01:00 DEBUG 14064 --- [connector-java] [           main] com.its.statistics.config.ApiKeyFilter   : Filter 'apiKeyFilter' configured for use
2025-11-27T21:55:58.627+01:00  INFO 14064 --- [connector-java] [           main] o.s.b.t.m.w.SpringBootMockServletContext : Initializing Spring TestDispatcherServlet ''
2025-11-27T21:55:58.627+01:00  INFO 14064 --- [connector-java] [           main] o.s.t.web.servlet.TestDispatcherServlet  : Initializing Servlet ''
2025-11-27T21:55:58.627+01:00  INFO 14064 --- [connector-java] [           main] o.s.t.web.servlet.TestDispatcherServlet  : Completed initialization in 0 ms
2025-11-27T21:55:58.631+01:00  INFO 14064 --- [connector-java] [           main] c.i.s.c.StudentControllerIntegrationTest : Started StudentControllerIntegrationTest in 0.609 seconds (process running for 6.869)
]]></system-out>
  </testcase>
  <testcase name="testCreateStudentAndGetAll" classname="com.its.statistics.controller.StudentControllerIntegrationTest" time="0.079"/>
</testsuite>