# JRE version: OpenJDK Runtime Environment Temurin-25+36 (25.0.1+8) (build 25+36-LTS)
# Java VM: OpenJDK 64-Bit Server VM Temurin-25+36 (25.0.1+8-LTS, mixed mode, tiered, compressed oops, compressed class ptrs, g1 gc, windows-amd64)
GC Precious Log:
 CardTable entry size: 512
 Card Set container configuration: InlinePtr #cards 4 size 8 Array Of Cards #cards 16 size 48 Howl #buckets 8 coarsen threshold 3686 Howl Bitmap #cards 512 size 80 coarsen threshold 460 Card regions per heap region 1 cards per card region 4096
 CPUs: 4 total, 4 available
 Memory: 16383M
 Large Page Support: Disabled
 NUMA Support: Disabled
 Compressed Oops: Enabled (Zero based)
 Heap Region Size: 2M
 Heap Min Capacity: 8M
 Heap Initial Capacity: 256M
 Heap Max Capacity: 4G
 Pre-touch: Disabled
 Parallel Workers: 4
 Concurrent Workers: 1
 Concurrent Refinement Workers: 4
 Periodic GC: Disabled
Heap:
 garbage-first heap   total reserved 4194304K, committed 141312K, used 101391K [0x0000000700000000, 0x0000000800000000)
  region size 2048K, 3 young (6144K), 2 survivors (4096K)
GC Heap Usage History (20 events):
Event: 2.642 {heap Before GC invocations=7 (full 0):
 garbage-first heap   total reserved 4194304K, committed 38912K, used 29602K [0x0000000700000000, 0x0000000800000000)
  region size 2048K, 10 young (20480K), 2 survivors (4096K)
}
Event: 2.645 {heap After GC invocations=8 (full 0):
 garbage-first heap   total reserved 4194304K, committed 151552K, used 14012K [0x0000000700000000, 0x0000000800000000)
  region size 2048K, 1 young (2048K), 1 survivors (2048K)
}
Event: 3.968 {heap Before GC invocations=8 (full 0):
 garbage-first heap   total reserved 4194304K, committed 151552K, used 102076K [0x0000000700000000, 0x0000000800000000)
  region size 2048K, 44 young (90112K), 1 survivors (2048K)
}
Event: 3.975 {heap After GC invocations=9 (full 0):
 garbage-first heap   total reserved 4194304K, committed 151552K, used 18666K [0x0000000700000000, 0x0000000800000000)
  region size 2048K, 4 young (8192K), 4 survivors (8192K)
}
Event: 10.103 {heap Before GC invocations=9 (full 0):
 garbage-first heap   total reserved 4194304K, committed 151552K, used 49386K [0x0000000700000000, 0x0000000800000000)
  region size 2048K, 18 young (36864K), 4 survivors (8192K)
}
Event: 10.122 {heap After GC invocations=10 (full 0):
 garbage-first heap   total reserved 4194304K, committed 151552K, used 28392K [0x0000000700000000, 0x0000000800000000)
  region size 2048K, 6 young (12288K), 6 survivors (12288K)
}
Event: 11.323 {heap Before GC invocations=11 (full 0):
 garbage-first heap   total reserved 4194304K, committed 96256K, used 73448K [0x0000000700000000, 0x0000000800000000)
  region size 2048K, 28 young (57344K), 6 survivors (12288K)
}
Event: 11.339 {heap After GC invocations=12 (full 0):
 garbage-first heap   total reserved 4194304K, committed 104448K, used 43452K [0x0000000700000000, 0x0000000800000000)
  region size 2048K, 4 young (8192K), 4 survivors (8192K)
}
Event: 11.789 {heap Before GC invocations=12 (full 0):
 garbage-first heap   total reserved 4194304K, committed 104448K, used 78268K [0x0000000700000000, 0x0000000800000000)
  region size 2048K, 22 young (45056K), 4 survivors (8192K)
}
Event: 11.804 {heap After GC invocations=13 (full 0):
 garbage-first heap   total reserved 4194304K, committed 104448K, used 50920K [0x0000000700000000, 0x0000000800000000)
  region size 2048K, 3 young (6144K), 3 survivors (6144K)
}
Event: 14.566 {heap Before GC invocations=13 (full 0):
 garbage-first heap   total reserved 4194304K, committed 104448K, used 73448K [0x0000000700000000, 0x0000000800000000)
  region size 2048K, 15 young (30720K), 3 survivors (6144K)
}
Event: 14.572 {heap After GC invocations=14 (full 0):
 garbage-first heap   total reserved 4194304K, committed 104448K, used 51204K [0x0000000700000000, 0x0000000800000000)
  region size 2048K, 1 young (2048K), 1 survivors (2048K)
}
Event: 14.895 {heap Before GC invocations=15 (full 0):
 garbage-first heap   total reserved 4194304K, committed 104448K, used 88068K [0x0000000700000000, 0x0000000800000000)
  region size 2048K, 18 young (36864K), 1 survivors (2048K)
}
Event: 14.904 {heap After GC invocations=16 (full 0):
 garbage-first heap   total reserved 4194304K, committed 110592K, used 73448K [0x0000000700000000, 0x0000000800000000)
  region size 2048K, 3 young (6144K), 3 survivors (6144K)
}
Event: 15.109 {heap Before GC invocations=16 (full 0):
 garbage-first heap   total reserved 4194304K, committed 110592K, used 93928K [0x0000000700000000, 0x0000000800000000)
  region size 2048K, 13 young (26624K), 3 survivors (6144K)
}
Event: 15.125 {heap After GC invocations=17 (full 0):
 garbage-first heap   total reserved 4194304K, committed 139264K, used 70239K [0x0000000700000000, 0x0000000800000000)
  region size 2048K, 2 young (4096K), 2 survivors (4096K)
}
Event: 16.573 {heap Before GC invocations=17 (full 0):
 garbage-first heap   total reserved 4194304K, committed 139264K, used 105055K [0x0000000700000000, 0x0000000800000000)
  region size 2048K, 19 young (38912K), 2 survivors (4096K)
}
Event: 16.583 {heap After GC invocations=18 (full 0):
 garbage-first heap   total reserved 4194304K, committed 139264K, used 71277K [0x0000000700000000, 0x0000000800000000)
  region size 2048K, 3 young (6144K), 3 survivors (6144K)
}
Event: 18.383 {heap Before GC invocations=18 (full 0):
 garbage-first heap   total reserved 4194304K, committed 139264K, used 108141K [0x0000000700000000, 0x0000000800000000)
  region size 2048K, 21 young (43008K), 3 survivors (6144K)
}
Event: 18.389 {heap After GC invocations=19 (full 0):
 garbage-first heap   total reserved 4194304K, committed 139264K, used 74767K [0x0000000700000000, 0x0000000800000000)
  region size 2048K, 2 young (4096K), 2 survivors (4096K)
}

